2023-02-21 16:13:46,541 [Worker-8: Loading available Gradle versions] INFO  o.e.b.c.i.u.g.PublishedGradleVersions - Gradle version information cache is up-to-date. Trying to read.
2023-02-23 08:43:50,855 [Worker-4: Loading available Gradle versions] INFO  o.e.b.c.i.u.g.PublishedGradleVersions - Gradle version information cache is out-of-date. Trying to update.
2023-02-23 08:45:49,672 [Worker-13: http://downloads.sourceforge.net/project/sapnweclipse/updates/features/com.sap.netweaver.porta.ide.eclipse.feature_0.4.1.200907211842.jar] INFO  o.a.h.c.h.i.c.HttpRequestRetryExec - Recoverable I/O exception (java.net.SocketException) caught when processing request to {}->http://excellmedia.dl.sourceforge.net:80
2023-02-23 08:45:56,526 [Worker-7: http://downloads.sourceforge.net/project/sapnweclipse/updates/features/com.sap.netweaver.porta.ide.eclipse.feature_0.4.1.200907211842.jar] INFO  o.a.h.c.h.i.c.HttpRequestRetryExec - Recoverable I/O exception (java.net.SocketException) caught when processing request to {}->http://excellmedia.dl.sourceforge.net:80
2023-02-23 08:46:02,465 [Worker-18: http://downloads.sourceforge.net/project/sapnweclipse/updates/features/com.sap.netweaver.porta.ide.eclipse.feature_0.4.1.200907211842.jar] INFO  o.a.h.c.h.i.c.HttpRequestRetryExec - Recoverable I/O exception (java.net.SocketException) caught when processing request to {}->http://excellmedia.dl.sourceforge.net:80
2023-02-23 08:46:07,995 [Worker-13: http://downloads.sourceforge.net/project/sapnweclipse/updates/features/com.sap.netweaver.porta.ide.eclipse.feature_0.4.2.200908121739.jar] INFO  o.a.h.c.h.i.c.HttpRequestRetryExec - Recoverable I/O exception (java.net.SocketException) caught when processing request to {}->http://excellmedia.dl.sourceforge.net:80
2023-02-23 08:46:21,568 [Worker-7: http://downloads.sourceforge.net/project/sapnweclipse/updates/features/com.sap.netweaver.porta.ide.eclipse.feature_0.5.1.200910061011.jar] INFO  o.a.h.c.h.i.c.HttpRequestRetryExec - Recoverable I/O exception (java.net.SocketException) caught when processing request to {}->http://excellmedia.dl.sourceforge.net:80
2023-02-23 08:46:28,701 [Worker-20: http://downloads.sourceforge.net/project/sapnweclipse/updates/features/com.sap.netweaver.porta.ide.eclipse.feature_0.5.1.200910061011.jar] INFO  o.a.h.c.h.i.c.HttpRequestRetryExec - Recoverable I/O exception (java.net.SocketException) caught when processing request to {}->http://excellmedia.dl.sourceforge.net:80
2023-02-23 08:46:49,504 [Worker-7: http://downloads.sourceforge.net/project/sapnweclipse/updates/features/com.sap.netweaver.porta.ide.eclipse.feature_0.6.2.201004151946.jar] INFO  o.a.h.c.h.i.c.HttpRequestRetryExec - Recoverable I/O exception (java.net.SocketException) caught when processing request to {}->http://excellmedia.dl.sourceforge.net:80
2023-02-23 08:46:56,479 [Worker-18: http://downloads.sourceforge.net/project/sapnweclipse/updates/features/com.sap.netweaver.porta.ide.eclipse.feature_0.6.2.201004151946.jar] INFO  o.a.h.c.h.i.c.HttpRequestRetryExec - Recoverable I/O exception (java.net.SocketException) caught when processing request to {}->http://excellmedia.dl.sourceforge.net:80
2023-02-23 08:47:02,581 [Worker-7: http://downloads.sourceforge.net/project/sapnweclipse/updates/features/com.sap.netweaver.porta.ide.eclipse.feature_0.6.2.201004151946.jar] INFO  o.a.h.c.h.i.c.HttpRequestRetryExec - Recoverable I/O exception (java.net.SocketException) caught when processing request to {}->http://excellmedia.dl.sourceforge.net:80
2023-02-23 08:47:09,644 [Worker-13: http://downloads.sourceforge.net/project/sapnweclipse/updates/features/com.sap.netweaver.porta.ide.eclipse.feature_0.6.2.201004151946.jar] INFO  o.a.h.c.h.i.c.HttpRequestRetryExec - Recoverable I/O exception (java.net.SocketException) caught when processing request to {}->http://excellmedia.dl.sourceforge.net:80
2023-02-23 08:47:19,031 [Worker-20: http://downloads.sourceforge.net/project/sapnweclipse/updates/features/com.sap.netweaver.porta.ide.eclipse.feature_0.7.0.201005031829.jar] INFO  o.a.h.c.h.i.c.HttpRequestRetryExec - Recoverable I/O exception (java.net.SocketException) caught when processing request to {}->http://excellmedia.dl.sourceforge.net:80
2023-02-23 08:47:28,098 [Worker-7: http://downloads.sourceforge.net/project/sapnweclipse/updates/features/com.sap.netweaver.porta.ide.eclipse.compatibility.feature_0.1.0.201005191610.jar] INFO  o.a.h.c.h.i.c.HttpRequestRetryExec - Recoverable I/O exception (java.net.SocketException) caught when processing request to {}->http://excellmedia.dl.sourceforge.net:80
2023-02-23 08:47:37,084 [Worker-22: http://downloads.sourceforge.net/project/sapnweclipse/updates/features/com.sap.netweaver.porta.ide.eclipse.feature_0.7.1.201005191610.jar] INFO  o.a.h.c.h.i.c.HttpRequestRetryExec - Recoverable I/O exception (java.net.SocketException) caught when processing request to {}->http://excellmedia.dl.sourceforge.net:80
2023-02-23 21:22:05,440 [Worker-1: Loading available Gradle versions] INFO  o.e.b.c.i.u.g.PublishedGradleVersions - Gradle version information cache is up-to-date. Trying to read.
2023-02-24 15:22:00,141 [Worker-9: Loading available Gradle versions] INFO  o.e.b.c.i.u.g.PublishedGradleVersions - Gradle version information cache is out-of-date. Trying to update.
2023-02-24 15:24:37,401 [Worker-2: Loading available Gradle versions] INFO  o.e.b.c.i.u.g.PublishedGradleVersions - Gradle version information cache is up-to-date. Trying to read.
2023-02-24 16:01:14,806 [main] INFO  org.eclipse.jetty.server.Server - jetty-10.0.12; built: 2022-09-14T01:54:40.076Z; git: 408d0139887e27a57b54ed52e2d92a36731a7e88; jvm 17.0.6+10
2023-02-24 16:01:14,841 [main] INFO  o.e.j.s.s.DefaultSessionIdManager - Session workerName=node0
2023-02-24 16:01:14,889 [main] INFO  o.e.j.server.handler.ContextHandler - Started o.e.j.s.ServletContextHandler@670c6a6f{/wse,null,AVAILABLE}
2023-02-24 16:01:14,925 [main] INFO  o.e.jetty.server.AbstractConnector - Started ServerConnector@cc4b5d8{HTTP/1.1, (http/1.1)}{0.0.0.0:49383}
2023-02-24 16:01:14,944 [main] INFO  org.eclipse.jetty.server.Server - Started Server@35a28728{STARTING}[10.0.12,sto=0] @2215439ms
2023-02-24 17:02:19,342 [Framework stop - Equinox Container: 3de5d0ed-9df4-4773-868b-34882c576ae6] INFO  org.eclipse.jetty.server.Server - Stopped Server@35a28728{STOPPING}[10.0.12,sto=0]
2023-02-24 17:02:19,348 [Framework stop - Equinox Container: 3de5d0ed-9df4-4773-868b-34882c576ae6] INFO  o.e.jetty.server.AbstractConnector - Stopped ServerConnector@cc4b5d8{HTTP/1.1, (http/1.1)}{0.0.0.0:0}
2023-02-24 17:02:19,448 [Framework stop - Equinox Container: 3de5d0ed-9df4-4773-868b-34882c576ae6] INFO  o.e.j.server.handler.ContextHandler - Stopped o.e.j.s.ServletContextHandler@670c6a6f{/wse,null,STOPPED}
